93597436,1708221201,00000,31###
93597436,1708221202,00001,31###
93597436,1708221109,00011,28###
93597436,Relay ON!###
93597436,1708221109,00001,28###
93597436,1708221110,00011,31###93597436,Relay ON!###
93597436,1708221110,00001,31###
93597436,1708221110,00011,31###
93597436,Relay ON!###
93597436,1708221110,00001,31###
93597436,1708221110,00011,31###93597436,Relay ON!###
93597436,1708221110,00001,31###
93597436,1708221111,00011,31###93597436,Relay ON!###93597436,1708221111,00001,31###
93597436,1708221111,00010,31###93597436,Relay ON!###
93597436,1708221111,00000,31###
93597436,1708221112,00000,31###
93597436,1708221214,00010,19###
93597436,Relay ON!###
93597436,1708221214,00000,19###
93597436,1708221215,00010,17###
93597436,Relay ON!###
93597436,1708221215,00000,17###
93597436,1708221215,00010,17###93597436,Relay ON!###
93597436,1708221215,00000,17###
93597436,1708221230,00010,18###93597436,Relay ON!###
93597436,1708221231,00000,18###
